Using pre-set license
Built from '2020.3/staging' branch; Version is '2020.3.15f1 (5e502cb56e17) revision 6180908'; Using compiler version '192528614'; Build Type 'Release'
OS: 'Windows 10 Pro; OS build 19043.1165; Version 2009; 64bit' Language: 'es' Physical Memory: 8135 MB
BatchMode: 1, IsHumanControllingUs: 0, StartBugReporterOnCrash: 0, Is64bit: 1, IsPro: 0

 COMMAND LINE ARGUMENTS:
C:\Users\Marcelo\Desktop\Unity\2020.3.15f1\Editor\Unity.exe
-adb2
-batchMode
-noUpm
-name
AssetImportWorker0
-projectPath
C:/Users/Marcelo/Desktop/Unity/OWL
-logFile
Logs/AssetImportWorker0.log
-srvPort
59511
Successfully changed project path to: C:/Users/Marcelo/Desktop/Unity/OWL
C:/Users/Marcelo/Desktop/Unity/OWL
Using Asset Import Pipeline V2.
Refreshing native plugins compatible for Editor in 87.69 ms, found 2 plugins.
Preloading 0 native plugins for Editor in 0.00 ms.
Initialize engine version: 2020.3.15f1 (5e502cb56e17)
[Subsystems] Discovering subsystems at path C:/Users/Marcelo/Desktop/Unity/2020.3.15f1/Editor/Data/Resources/UnitySubsystems
[Subsystems] Discovering subsystems at path C:/Users/Marcelo/Desktop/Unity/OWL/Assets
GfxDevice: creating device client; threaded=0
Direct3D:
    Version:  Direct3D 11.0 [level 11.0]
    Renderer: NVIDIA GeForce GT 710 (ID=0x128b)
    Vendor:   
    VRAM:     2007 MB
    Driver:   27.21.14.5671
Initialize mono
Mono path[0] = 'C:/Users/Marcelo/Desktop/Unity/2020.3.15f1/Editor/Data/Managed'
Mono path[1] = 'C:/Users/Marcelo/Desktop/Unity/2020.3.15f1/Editor/Data/MonoBleedingEdge/lib/mono/unityjit'
Mono config path = 'C:/Users/Marcelo/Desktop/Unity/2020.3.15f1/Editor/Data/MonoBleedingEdge/etc'
Using monoOptions --debugger-agent=transport=dt_socket,embedding=1,server=y,suspend=n,address=127.0.0.1:56152
Begin MonoManager ReloadAssembly
Registering precompiled unity dll's ...
Register platform support module: C:/Users/Marcelo/Desktop/Unity/2020.3.15f1/Editor/Data/PlaybackEngines/WindowsStandaloneSupport/UnityEditor.WindowsStandalone.Extensions.dll
Registered in 0.005981 seconds.
Native extension for WindowsStandalone target not found
Refreshing native plugins compatible for Editor in 69.03 ms, found 2 plugins.
Preloading 0 native plugins for Editor in 0.00 ms.
Mono: successfully reloaded assembly
- Completed reload, in  5.272 seconds
Domain Reload Profiling:
	ReloadAssembly (5272ms)
		BeginReloadAssembly (216ms)
			ExecutionOrderSort (0ms)
			DisableScriptedObjects (0ms)
			BackupInstance (0ms)
			ReleaseScriptingObjects (0ms)
			CreateAndSetChildDomain (3ms)
		EndReloadAssembly (1356ms)
			LoadAssemblies (208ms)
			RebuildTransferFunctionScriptingTraits (0ms)
			SetupTypeCache (323ms)
			ReleaseScriptCaches (0ms)
			RebuildScriptCaches (69ms)
			SetupLoadedEditorAssemblies (662ms)
				LogAssemblyErrors (0ms)
				InitializePlatformSupportModulesInManaged (16ms)
				SetLoadedEditorAssemblies (1ms)
				RefreshPlugins (69ms)
				BeforeProcessingInitializeOnLoad (61ms)
				ProcessInitializeOnLoadAttributes (406ms)
				ProcessInitializeOnLoadMethodAttributes (107ms)
				AfterProcessingInitializeOnLoad (0ms)
				EditorAssembliesLoaded (2ms)
			ExecutionOrderSort2 (0ms)
			AwakeInstancesAfterBackupRestoration (0ms)
Platform modules already initialized, skipping
Registering precompiled user dll's ...
Registered in 0.023592 seconds.
Begin MonoManager ReloadAssembly
Native extension for WindowsStandalone target not found
Refreshing native plugins compatible for Editor in 110.44 ms, found 2 plugins.
Preloading 0 native plugins for Editor in 0.00 ms.
Mono: successfully reloaded assembly
- Completed reload, in  3.718 seconds
Domain Reload Profiling:
	ReloadAssembly (3725ms)
		BeginReloadAssembly (453ms)
			ExecutionOrderSort (0ms)
			DisableScriptedObjects (41ms)
			BackupInstance (0ms)
			ReleaseScriptingObjects (0ms)
			CreateAndSetChildDomain (37ms)
		EndReloadAssembly (3107ms)
			LoadAssemblies (345ms)
			RebuildTransferFunctionScriptingTraits (0ms)
			SetupTypeCache (554ms)
			ReleaseScriptCaches (1ms)
			RebuildScriptCaches (102ms)
			SetupLoadedEditorAssemblies (1732ms)
				LogAssemblyErrors (0ms)
				InitializePlatformSupportModulesInManaged (20ms)
				SetLoadedEditorAssemblies (1ms)
				RefreshPlugins (111ms)
				BeforeProcessingInitializeOnLoad (271ms)
				ProcessInitializeOnLoadAttributes (1251ms)
				ProcessInitializeOnLoadMethodAttributes (49ms)
				AfterProcessingInitializeOnLoad (28ms)
				EditorAssembliesLoaded (1ms)
			ExecutionOrderSort2 (0ms)
			AwakeInstancesAfterBackupRestoration (39ms)
Platform modules already initialized, skipping
========================================================================
Worker process is ready to serve import requests
Launched and connected shader compiler UnityShaderCompiler.exe after 0.15 seconds
Refreshing native plugins compatible for Editor in 0.52 ms, found 2 plugins.
Preloading 0 native plugins for Editor in 0.00 ms.
Unloading 1532 Unused Serialized files (Serialized files now loaded: 0)
System memory in use before: 72.3 MB.
System memory in use after: 72.4 MB.

Unloading 24 unused Assets to reduce memory usage. Loaded Objects now: 1972.
Total: 5.251924 ms (FindLiveObjects: 0.212178 ms CreateObjectMapping: 0.169854 ms MarkObjects: 4.746483 ms  DeleteObjects: 0.105810 ms)

AssetImportParameters requested are different than current active one (requested -> active):
  custom:framework-win-MediaFoundation: 216162199b28c13a410421893ffa2e32 -> 
  custom:video-decoder-ogg-theora: a1e56fd34408186e4bbccfd4996cb3dc -> 
  custom:container-muxer-webm: aa71ff27fc2769a1b78a27578f13a17b -> 
  custom:container-demuxer-webm: 4f35f7cbe854078d1ac9338744f61a02 -> 
  custom:container-demuxer-ogg: 62fdf1f143b41e24485cea50d1cbac27 -> 
  custom:video-encoder-webm-vp8: eb34c28f22e8b96e1ab97ce403110664 -> 
  custom:video-decoder-webm-vp8: 9c59270c3fd7afecdb556c50c9e8de78 -> 
  custom:audio-decoder-ogg-vorbis: bf7c407c2cedff20999df2af8eb42d56 -> 
  custom:audio-encoder-webm-vorbis: bf7c407c2cedff20999df2af8eb42d56 -> 
========================================================================
Received Import Request.
  path: Assets/VFX
  artifactKey: Guid(17836e542a6ac8b4e8c7bb8a6c0f2a9a) Importer(815301076,1909f56bfc062723c751e8b465ee728b)
Start importing Assets/VFX using Guid(17836e542a6ac8b4e8c7bb8a6c0f2a9a) Importer(815301076,1909f56bfc062723c751e8b465ee728b)  -> (artifact id: 'bb890590c7de297ee2a7a272a864d3fa') in 0.022699 seconds 
  Import took 0.031281 seconds .

========================================================================
Received Import Request.
  Time since last request: 11.755460 seconds.
  path: Assets/Dash.prefab
  artifactKey: Guid(f93e667cef3fd184ab62d5d10c6c9ea3) Importer(815301076,1909f56bfc062723c751e8b465ee728b)
Start importing Assets/Dash.prefab using Guid(f93e667cef3fd184ab62d5d10c6c9ea3) Importer(815301076,1909f56bfc062723c751e8b465ee728b)  -> (artifact id: '099eebbfe0da88f493fc500e513dd37d') in 1.615225 seconds 
  Import took 1.624596 seconds .

========================================================================
Received Import Request.
  Time since last request: 0.151648 seconds.
  path: Assets/VFX/Flame03.tif
  artifactKey: Guid(72afefd4c546486418fb7d9d4447d9eb) Importer(815301076,1909f56bfc062723c751e8b465ee728b)
Start importing Assets/VFX/Flame03.tif using Guid(72afefd4c546486418fb7d9d4447d9eb) Importer(815301076,1909f56bfc062723c751e8b465ee728b)  -> (artifact id: '63e2dffe58ffd7f35666ffbaef737e3e') in 0.110552 seconds 
  Import took 0.117083 seconds .

========================================================================
Received Import Request.
  Time since last request: 4.232880 seconds.
  path: Assets/VFX/Dash
  artifactKey: Guid(da794ba1d90fc5c47b039f291cb6c978) Importer(815301076,1909f56bfc062723c751e8b465ee728b)
Start importing Assets/VFX/Dash using Guid(da794ba1d90fc5c47b039f291cb6c978) Importer(815301076,1909f56bfc062723c751e8b465ee728b)  -> (artifact id: '72fb8066961b87aa2c61f2249a5e68da') in 0.011922 seconds 
  Import took 0.018102 seconds .

========================================================================
Received Import Request.
  Time since last request: 9.256906 seconds.
  path: Assets/VFX/Dash/DashMat.mat
  artifactKey: Guid(473ed9d077d5db64085fda8969231b84) Importer(815301076,1909f56bfc062723c751e8b465ee728b)
Start importing Assets/VFX/Dash/DashMat.mat using Guid(473ed9d077d5db64085fda8969231b84) Importer(815301076,1909f56bfc062723c751e8b465ee728b)  -> (artifact id: '23ec9ea026ec0144c02fd034811e8814') in 0.096367 seconds 
  Import took 0.106282 seconds .

========================================================================
Received Import Request.
  Time since last request: 243.602552 seconds.
  path: Assets/VFX/Dash/Dash.prefab
  artifactKey: Guid(f93e667cef3fd184ab62d5d10c6c9ea3) Importer(815301076,1909f56bfc062723c751e8b465ee728b)
Start importing Assets/VFX/Dash/Dash.prefab using Guid(f93e667cef3fd184ab62d5d10c6c9ea3) Importer(815301076,1909f56bfc062723c751e8b465ee728b)  -> (artifact id: 'fc1ec47ed2dbf7e0b3b55c82b1dd179e') in 0.033103 seconds 
  Import took 0.039941 seconds .

========================================================================
Received Import Request.
  Time since last request: 0.004870 seconds.
  path: Assets/VFX/Dash/Dash.prefab
  artifactKey: Guid(f93e667cef3fd184ab62d5d10c6c9ea3) Importer(815301076,1909f56bfc062723c751e8b465ee728b)
Start importing Assets/VFX/Dash/Dash.prefab using Guid(f93e667cef3fd184ab62d5d10c6c9ea3) Importer(815301076,1909f56bfc062723c751e8b465ee728b)  -> (artifact id: 'fc1ec47ed2dbf7e0b3b55c82b1dd179e') in 0.042326 seconds 
  Import took 0.054732 seconds .

========================================================================
Received Import Request.
  Time since last request: 29.434896 seconds.
  path: Assets/Scenes/LVL 0.unity
  artifactKey: Guid(07e0692244c93f045ba0f15537618fd7) Importer(815301076,1909f56bfc062723c751e8b465ee728b)
Start importing Assets/Scenes/LVL 0.unity using Guid(07e0692244c93f045ba0f15537618fd7) Importer(815301076,1909f56bfc062723c751e8b465ee728b)  -> (artifact id: 'bf7fd228572520a52dedc1375e35c89f') in 0.016772 seconds 
  Import took 0.022804 seconds .

========================================================================
Received Import Request.
  Time since last request: 1.816419 seconds.
  path: Assets/Scenes/LVL 1 COPY.unity
  artifactKey: Guid(85fd6f8b64da0f442b4a5816a738f779) Importer(815301076,1909f56bfc062723c751e8b465ee728b)
Start importing Assets/Scenes/LVL 1 COPY.unity using Guid(85fd6f8b64da0f442b4a5816a738f779) Importer(815301076,1909f56bfc062723c751e8b465ee728b)  -> (artifact id: '97eb6de3bbb6bef3916a57f69d95b3a2') in 0.009224 seconds 
  Import took 0.017799 seconds .

========================================================================
Received Import Request.
  Time since last request: 6.760618 seconds.
  path: Assets/Scenes/Chelo tests.unity
  artifactKey: Guid(74e5d16670443a04fa0c050947be5865) Importer(815301076,1909f56bfc062723c751e8b465ee728b)
Start importing Assets/Scenes/Chelo tests.unity using Guid(74e5d16670443a04fa0c050947be5865) Importer(815301076,1909f56bfc062723c751e8b465ee728b)  -> (artifact id: 'f5f42d97a51fb80b849f976b86e6077d') in 0.014776 seconds 
  Import took 0.023112 seconds .

========================================================================
Received Import Request.
  Time since last request: 35.489585 seconds.
  path: Assets/Scenes/LVL 3.unity
  artifactKey: Guid(91fc385af779f9346b7e6cecc312a2db) Importer(815301076,1909f56bfc062723c751e8b465ee728b)
Start importing Assets/Scenes/LVL 3.unity using Guid(91fc385af779f9346b7e6cecc312a2db) Importer(815301076,1909f56bfc062723c751e8b465ee728b)  -> (artifact id: '13bb456f06cf3b0cf1eee2c71252789f') in 0.014499 seconds 
  Import took 0.021055 seconds .

========================================================================
Received Import Request.
  Time since last request: 5.262253 seconds.
  path: Assets/Scenes/LVLS.unity
  artifactKey: Guid(45553681a314f3847875cb59c59c3989) Importer(815301076,1909f56bfc062723c751e8b465ee728b)
Start importing Assets/Scenes/LVLS.unity using Guid(45553681a314f3847875cb59c59c3989) Importer(815301076,1909f56bfc062723c751e8b465ee728b)  -> (artifact id: '4aa9247d0f667e0f49243a38a917aed4') in 0.012370 seconds 
  Import took 0.022116 seconds .

========================================================================
Received Import Request.
  Time since last request: 18.313168 seconds.
  path: Assets/Scenes/Chelo tests.unity
  artifactKey: Guid(74e5d16670443a04fa0c050947be5865) Importer(815301076,1909f56bfc062723c751e8b465ee728b)
Start importing Assets/Scenes/Chelo tests.unity using Guid(74e5d16670443a04fa0c050947be5865) Importer(815301076,1909f56bfc062723c751e8b465ee728b)  -> (artifact id: '32a743217784fc799237900b168b95b5') in 0.008432 seconds 
  Import took 0.015302 seconds .

========================================================================
Received Import Request.
  Time since last request: 11.376199 seconds.
  path: Assets/Scenes/Chelo testsSettings.lighting
  artifactKey: Guid(30cfb182d74dc514ab813e1250922436) Importer(815301076,1909f56bfc062723c751e8b465ee728b)
Start importing Assets/Scenes/Chelo testsSettings.lighting using Guid(30cfb182d74dc514ab813e1250922436) Importer(815301076,1909f56bfc062723c751e8b465ee728b) LightingSettings: switching bake backend from 1 to 0.
 -> (artifact id: 'db6aef733586e7d97846126dae3088d1') in 0.016945 seconds 
  Import took 0.042583 seconds .

========================================================================
Received Import Request.
  Time since last request: 23.905422 seconds.
  path: Assets/VFX/Dash/DashMat.mat
  artifactKey: Guid(473ed9d077d5db64085fda8969231b84) Importer(815301076,1909f56bfc062723c751e8b465ee728b)
Start importing Assets/VFX/Dash/DashMat.mat using Guid(473ed9d077d5db64085fda8969231b84) Importer(815301076,1909f56bfc062723c751e8b465ee728b)  -> (artifact id: '12a814b27118e1dad74d89c584b8214d') in 0.031655 seconds 
  Import took 0.038023 seconds .

========================================================================
Received Import Request.
  Time since last request: 31.025451 seconds.
  path: Assets/VFX/Explosion
  artifactKey: Guid(482e4f32915ae18448bef3744c3b4735) Importer(815301076,1909f56bfc062723c751e8b465ee728b)
Start importing Assets/VFX/Explosion using Guid(482e4f32915ae18448bef3744c3b4735) Importer(815301076,1909f56bfc062723c751e8b465ee728b)  -> (artifact id: 'ec5c27ced595406e3e8a9450f6535c52') in 0.013095 seconds 
  Import took 0.020859 seconds .

========================================================================
Received Import Request.
  Time since last request: 0.006036 seconds.
  path: Assets/VFX/Explosion
  artifactKey: Guid(482e4f32915ae18448bef3744c3b4735) Importer(815301076,1909f56bfc062723c751e8b465ee728b)
Start importing Assets/VFX/Explosion using Guid(482e4f32915ae18448bef3744c3b4735) Importer(815301076,1909f56bfc062723c751e8b465ee728b)  -> (artifact id: 'ec5c27ced595406e3e8a9450f6535c52') in 0.006841 seconds 
  Import took 0.026514 seconds .

========================================================================
Received Import Request.
  Time since last request: 110.918313 seconds.
  path: Assets/VFX/Explosion/Explosion.mat
  artifactKey: Guid(446634884e264df4ca23345a2a05634a) Importer(815301076,1909f56bfc062723c751e8b465ee728b)
Start importing Assets/VFX/Explosion/Explosion.mat using Guid(446634884e264df4ca23345a2a05634a) Importer(815301076,1909f56bfc062723c751e8b465ee728b)  -> (artifact id: '4ea318bfaa4a235718b9ecd130a482ea') in 0.042539 seconds 
  Import took 0.050569 seconds .

========================================================================
Received Import Request.
  Time since last request: 485.365183 seconds.
  path: Assets/VFX/Explosion/Explosion.prefab
  artifactKey: Guid(d668f4d2927c64f4aab62e4c745b7727) Importer(815301076,1909f56bfc062723c751e8b465ee728b)
Start importing Assets/VFX/Explosion/Explosion.prefab using Guid(d668f4d2927c64f4aab62e4c745b7727) Importer(815301076,1909f56bfc062723c751e8b465ee728b)  -> (artifact id: '3b7fe6e00fa5e57e54283d85f93c0351') in 0.030854 seconds 
  Import took 0.039081 seconds .

========================================================================
Received Import Request.
  Time since last request: 309.712280 seconds.
  path: Assets/VFX/Slow
  artifactKey: Guid(14dcda700a9960b4eb3fb9eb6cf89e7c) Importer(815301076,1909f56bfc062723c751e8b465ee728b)
Start importing Assets/VFX/Slow using Guid(14dcda700a9960b4eb3fb9eb6cf89e7c) Importer(815301076,1909f56bfc062723c751e8b465ee728b)  -> (artifact id: 'cb59631b56b7fe4d62b8f9f6e0a7e468') in 0.011078 seconds 
  Import took 0.019958 seconds .

========================================================================
Received Import Request.
  Time since last request: 4.628935 seconds.
  path: Assets/VFX/Speed
  artifactKey: Guid(fa8b05591b8763541900832177a2ea1c) Importer(815301076,1909f56bfc062723c751e8b465ee728b)
Start importing Assets/VFX/Speed using Guid(fa8b05591b8763541900832177a2ea1c) Importer(815301076,1909f56bfc062723c751e8b465ee728b)  -> (artifact id: 'c5861cb7589f5d73954aa9316bf062d4') in 0.013464 seconds 
  Import took 0.020888 seconds .

========================================================================
Received Import Request.
  Time since last request: 20.290991 seconds.
  path: Assets/VFX/Gravity
  artifactKey: Guid(b58a761afd74df241bb331f359222d29) Importer(815301076,1909f56bfc062723c751e8b465ee728b)
Start importing Assets/VFX/Gravity using Guid(b58a761afd74df241bb331f359222d29) Importer(815301076,1909f56bfc062723c751e8b465ee728b)  -> (artifact id: '314ce3543621f3a7a020b4d034f4c2fe') in 0.010467 seconds 
  Import took 0.017350 seconds .

========================================================================
Received Import Request.
  Time since last request: 16.187390 seconds.
  path: Assets/VFX/Explosion/Explosion.prefab
  artifactKey: Guid(d668f4d2927c64f4aab62e4c745b7727) Importer(815301076,1909f56bfc062723c751e8b465ee728b)
Start importing Assets/VFX/Explosion/Explosion.prefab using Guid(d668f4d2927c64f4aab62e4c745b7727) Importer(815301076,1909f56bfc062723c751e8b465ee728b)  -> (artifact id: 'cf3cf65872fd1aeddbedd24594fced74') in 0.033885 seconds 
  Import took 0.047430 seconds .

========================================================================
Received Prepare
Registering precompiled user dll's ...
Registered in 0.032978 seconds.
Begin MonoManager ReloadAssembly
Native extension for WindowsStandalone target not found
Refreshing native plugins compatible for Editor in 1.15 ms, found 2 plugins.
Preloading 0 native plugins for Editor in 0.00 ms.
Mono: successfully reloaded assembly
- Completed reload, in  3.608 seconds
Domain Reload Profiling:
	ReloadAssembly (3611ms)
		BeginReloadAssembly (392ms)
			ExecutionOrderSort (0ms)
			DisableScriptedObjects (30ms)
			BackupInstance (0ms)
			ReleaseScriptingObjects (0ms)
			CreateAndSetChildDomain (109ms)
		EndReloadAssembly (3042ms)
			LoadAssemblies (358ms)
			RebuildTransferFunctionScriptingTraits (0ms)
			SetupTypeCache (577ms)
			ReleaseScriptCaches (1ms)
			RebuildScriptCaches (115ms)
			SetupLoadedEditorAssemblies (1600ms)
				LogAssemblyErrors (0ms)
				InitializePlatformSupportModulesInManaged (25ms)
				SetLoadedEditorAssemblies (2ms)
				RefreshPlugins (2ms)
				BeforeProcessingInitializeOnLoad (327ms)
				ProcessInitializeOnLoadAttributes (1189ms)
				ProcessInitializeOnLoadMethodAttributes (32ms)
				AfterProcessingInitializeOnLoad (22ms)
				EditorAssembliesLoaded (1ms)
			ExecutionOrderSort2 (0ms)
			AwakeInstancesAfterBackupRestoration (31ms)
Platform modules already initialized, skipping
Switching build target platform(19) subTarget(0) extendedPlatform(0) -> platform(13) subTarget(537395200) extendedPlatform(0)
Refreshing native plugins compatible for Editor in 0.60 ms, found 2 plugins.
Preloading 0 native plugins for Editor in 0.00 ms.
Unloading 1518 Unused Serialized files (Serialized files now loaded: 0)
System memory in use before: 74.4 MB.
System memory in use after: 74.5 MB.

Unloading 15 unused Assets to reduce memory usage. Loaded Objects now: 2019.
Total: 3.747823 ms (FindLiveObjects: 0.278178 ms CreateObjectMapping: 0.160076 ms MarkObjects: 3.140972 ms  DeleteObjects: 0.148902 ms)

AssetImportParameters requested are different than current active one (requested -> active):
  custom:framework-win-MediaFoundation: 216162199b28c13a410421893ffa2e32 -> 
  custom:video-decoder-ogg-theora: a1e56fd34408186e4bbccfd4996cb3dc -> 
  custom:container-muxer-webm: aa71ff27fc2769a1b78a27578f13a17b -> 
  custom:container-demuxer-webm: 4f35f7cbe854078d1ac9338744f61a02 -> 
  custom:container-demuxer-ogg: 62fdf1f143b41e24485cea50d1cbac27 -> 
  custom:video-encoder-webm-vp8: eb34c28f22e8b96e1ab97ce403110664 -> 
  custom:video-decoder-webm-vp8: 9c59270c3fd7afecdb556c50c9e8de78 -> 
  custom:graphics/normal-map-encoding: 01000000000000000000000000000000 -> 02000000000000000000000000000000
  custom:audio-decoder-ogg-vorbis: bf7c407c2cedff20999df2af8eb42d56 -> 
  custom:audio-encoder-webm-vorbis: bf7c407c2cedff20999df2af8eb42d56 -> 
========================================================================
Received Prepare
Refreshing native plugins compatible for Editor in 8.20 ms, found 2 plugins.
Preloading 0 native plugins for Editor in 0.00 ms.
Unloading 14 Unused Serialized files (Serialized files now loaded: 0)
System memory in use before: 44.7 MB.
System memory in use after: 44.8 MB.

Unloading 13 unused Assets to reduce memory usage. Loaded Objects now: 2019.
Total: 3.276673 ms (FindLiveObjects: 0.343340 ms CreateObjectMapping: 0.143175 ms MarkObjects: 2.744483 ms  DeleteObjects: 0.025771 ms)

AssetImportParameters requested are different than current active one (requested -> active):
  custom:framework-win-MediaFoundation: 216162199b28c13a410421893ffa2e32 -> 
  custom:video-decoder-ogg-theora: a1e56fd34408186e4bbccfd4996cb3dc -> 
  custom:container-muxer-webm: aa71ff27fc2769a1b78a27578f13a17b -> 
  custom:container-demuxer-webm: 4f35f7cbe854078d1ac9338744f61a02 -> 
  custom:container-demuxer-ogg: 62fdf1f143b41e24485cea50d1cbac27 -> 
  custom:video-encoder-webm-vp8: eb34c28f22e8b96e1ab97ce403110664 -> 
  custom:video-decoder-webm-vp8: 9c59270c3fd7afecdb556c50c9e8de78 -> 
  custom:audio-decoder-ogg-vorbis: bf7c407c2cedff20999df2af8eb42d56 -> 
  custom:audio-encoder-webm-vorbis: bf7c407c2cedff20999df2af8eb42d56 -> 
