Using pre-set license
Built from '2020.3/staging' branch; Version is '2020.3.15f1 (5e502cb56e17) revision 6180908'; Using compiler version '192528614'; Build Type 'Release'
OS: 'Windows 10 Pro; OS build 19042.1237; Version 2009; 64bit' Language: 'en' Physical Memory: 16334 MB
BatchMode: 1, IsHumanControllingUs: 0, StartBugReporterOnCrash: 0, Is64bit: 1, IsPro: 0

 COMMAND LINE ARGUMENTS:
C:\Program Files\Unity\Hub\Editor\2020.3.15f1\Editor\Unity.exe
-adb2
-batchMode
-noUpm
-name
AssetImportWorker0
-projectPath
C:/Users/Laura/Desktop/Universidad/Taller 6/OWL
-logFile
Logs/AssetImportWorker0.log
-srvPort
56122
Successfully changed project path to: C:/Users/Laura/Desktop/Universidad/Taller 6/OWL
C:/Users/Laura/Desktop/Universidad/Taller 6/OWL
Using Asset Import Pipeline V2.
Refreshing native plugins compatible for Editor in 34.19 ms, found 2 plugins.
Preloading 0 native plugins for Editor in 0.00 ms.
Initialize engine version: 2020.3.15f1 (5e502cb56e17)
[Subsystems] Discovering subsystems at path C:/Program Files/Unity/Hub/Editor/2020.3.15f1/Editor/Data/Resources/UnitySubsystems
[Subsystems] Discovering subsystems at path C:/Users/Laura/Desktop/Universidad/Taller 6/OWL/Assets
GfxDevice: creating device client; threaded=0
Direct3D:
    Version:  Direct3D 11.0 [level 11.1]
    Renderer: NVIDIA GeForce GTX 970 (ID=0x13c2)
    Vendor:   
    VRAM:     4043 MB
    Driver:   27.21.14.6172
Initialize mono
Mono path[0] = 'C:/Program Files/Unity/Hub/Editor/2020.3.15f1/Editor/Data/Managed'
Mono path[1] = 'C:/Program Files/Unity/Hub/Editor/2020.3.15f1/Editor/Data/MonoBleedingEdge/lib/mono/unityjit'
Mono config path = 'C:/Program Files/Unity/Hub/Editor/2020.3.15f1/Editor/Data/MonoBleedingEdge/etc'
Using monoOptions --debugger-agent=transport=dt_socket,embedding=1,server=y,suspend=n,address=127.0.0.1:56580
Begin MonoManager ReloadAssembly
Registering precompiled unity dll's ...
Register platform support module: C:/Program Files/Unity/Hub/Editor/2020.3.15f1/Editor/Data/PlaybackEngines/WindowsStandaloneSupport/UnityEditor.WindowsStandalone.Extensions.dll
Registered in 0.001617 seconds.
Native extension for WindowsStandalone target not found
Refreshing native plugins compatible for Editor in 32.04 ms, found 2 plugins.
Preloading 0 native plugins for Editor in 0.00 ms.
Mono: successfully reloaded assembly
- Completed reload, in  0.818 seconds
Domain Reload Profiling:
	ReloadAssembly (818ms)
		BeginReloadAssembly (41ms)
			ExecutionOrderSort (0ms)
			DisableScriptedObjects (0ms)
			BackupInstance (0ms)
			ReleaseScriptingObjects (0ms)
			CreateAndSetChildDomain (1ms)
		EndReloadAssembly (330ms)
			LoadAssemblies (39ms)
			RebuildTransferFunctionScriptingTraits (0ms)
			SetupTypeCache (121ms)
			ReleaseScriptCaches (0ms)
			RebuildScriptCaches (24ms)
			SetupLoadedEditorAssemblies (130ms)
				LogAssemblyErrors (0ms)
				InitializePlatformSupportModulesInManaged (3ms)
				SetLoadedEditorAssemblies (0ms)
				RefreshPlugins (32ms)
				BeforeProcessingInitializeOnLoad (14ms)
				ProcessInitializeOnLoadAttributes (60ms)
				ProcessInitializeOnLoadMethodAttributes (21ms)
				AfterProcessingInitializeOnLoad (0ms)
				EditorAssembliesLoaded (0ms)
			ExecutionOrderSort2 (0ms)
			AwakeInstancesAfterBackupRestoration (0ms)
Platform modules already initialized, skipping
Registering precompiled user dll's ...
Registered in 0.004081 seconds.
Begin MonoManager ReloadAssembly
Native extension for WindowsStandalone target not found
Refreshing native plugins compatible for Editor in 31.20 ms, found 2 plugins.
Preloading 0 native plugins for Editor in 0.00 ms.
Mono: successfully reloaded assembly
- Completed reload, in  0.917 seconds
Domain Reload Profiling:
	ReloadAssembly (918ms)
		BeginReloadAssembly (117ms)
			ExecutionOrderSort (0ms)
			DisableScriptedObjects (3ms)
			BackupInstance (0ms)
			ReleaseScriptingObjects (0ms)
			CreateAndSetChildDomain (17ms)
		EndReloadAssembly (749ms)
			LoadAssemblies (65ms)
			RebuildTransferFunctionScriptingTraits (0ms)
			SetupTypeCache (230ms)
			ReleaseScriptCaches (0ms)
			RebuildScriptCaches (36ms)
			SetupLoadedEditorAssemblies (319ms)
				LogAssemblyErrors (0ms)
				InitializePlatformSupportModulesInManaged (3ms)
				SetLoadedEditorAssemblies (0ms)
				RefreshPlugins (31ms)
				BeforeProcessingInitializeOnLoad (64ms)
				ProcessInitializeOnLoadAttributes (208ms)
				ProcessInitializeOnLoadMethodAttributes (7ms)
				AfterProcessingInitializeOnLoad (5ms)
				EditorAssembliesLoaded (0ms)
			ExecutionOrderSort2 (0ms)
			AwakeInstancesAfterBackupRestoration (5ms)
Platform modules already initialized, skipping
========================================================================
Worker process is ready to serve import requests
Launched and connected shader compiler UnityShaderCompiler.exe after 0.09 seconds
Refreshing native plugins compatible for Editor in 0.51 ms, found 2 plugins.
Preloading 0 native plugins for Editor in 0.00 ms.
Unloading 1532 Unused Serialized files (Serialized files now loaded: 0)
System memory in use before: 72.8 MB.
System memory in use after: 72.8 MB.

Unloading 24 unused Assets to reduce memory usage. Loaded Objects now: 1975.
Total: 1.933000 ms (FindLiveObjects: 0.160800 ms CreateObjectMapping: 0.035500 ms MarkObjects: 1.677400 ms  DeleteObjects: 0.058400 ms)

AssetImportParameters requested are different than current active one (requested -> active):
  custom:framework-win-MediaFoundation: 216162199b28c13a410421893ffa2e32 -> 
  custom:video-decoder-ogg-theora: a1e56fd34408186e4bbccfd4996cb3dc -> 
  custom:container-muxer-webm: aa71ff27fc2769a1b78a27578f13a17b -> 
  custom:container-demuxer-webm: 4f35f7cbe854078d1ac9338744f61a02 -> 
  custom:container-demuxer-ogg: 62fdf1f143b41e24485cea50d1cbac27 -> 
  custom:video-encoder-webm-vp8: eb34c28f22e8b96e1ab97ce403110664 -> 
  custom:video-decoder-webm-vp8: 9c59270c3fd7afecdb556c50c9e8de78 -> 
  custom:audio-decoder-ogg-vorbis: bf7c407c2cedff20999df2af8eb42d56 -> 
  custom:audio-encoder-webm-vorbis: bf7c407c2cedff20999df2af8eb42d56 -> 
========================================================================
Received Import Request.
  path: Assets/Scenes/LVLS.unity
  artifactKey: Guid(45553681a314f3847875cb59c59c3989) Importer(815301076,1909f56bfc062723c751e8b465ee728b)
Start importing Assets/Scenes/LVLS.unity using Guid(45553681a314f3847875cb59c59c3989) Importer(815301076,1909f56bfc062723c751e8b465ee728b)  -> (artifact id: '4aa9247d0f667e0f49243a38a917aed4') in 0.014796 seconds 
  Import took 0.017261 seconds .

========================================================================
Received Import Request.
  Time since last request: 0.000173 seconds.
  path: Assets/Scenes/LVL1.unity
  artifactKey: Guid(2cda990e2423bbf4892e6590ba056729) Importer(815301076,1909f56bfc062723c751e8b465ee728b)
Start importing Assets/Scenes/LVL1.unity using Guid(2cda990e2423bbf4892e6590ba056729) Importer(815301076,1909f56bfc062723c751e8b465ee728b)  -> (artifact id: '6c444d46a62f310aea6b623e5007da02') in 0.005644 seconds 
  Import took 0.007917 seconds .

========================================================================
Received Import Request.
  Time since last request: 54.599530 seconds.
  path: Assets/Scenes/LVL 1 COPY.unity
  artifactKey: Guid(85fd6f8b64da0f442b4a5816a738f779) Importer(815301076,1909f56bfc062723c751e8b465ee728b)
Start importing Assets/Scenes/LVL 1 COPY.unity using Guid(85fd6f8b64da0f442b4a5816a738f779) Importer(815301076,1909f56bfc062723c751e8b465ee728b)  -> (artifact id: '97ac7ae08ff9e3ca4953f41772fc1b2b') in 0.017181 seconds 
  Import took 0.019698 seconds .

========================================================================
Received Prepare
Registering precompiled user dll's ...
Registered in 0.003983 seconds.
Begin MonoManager ReloadAssembly
Native extension for WindowsStandalone target not found
Refreshing native plugins compatible for Editor in 0.41 ms, found 2 plugins.
Preloading 0 native plugins for Editor in 0.00 ms.
Mono: successfully reloaded assembly
- Completed reload, in  0.884 seconds
Domain Reload Profiling:
	ReloadAssembly (884ms)
		BeginReloadAssembly (109ms)
			ExecutionOrderSort (0ms)
			DisableScriptedObjects (5ms)
			BackupInstance (0ms)
			ReleaseScriptingObjects (0ms)
			CreateAndSetChildDomain (37ms)
		EndReloadAssembly (719ms)
			LoadAssemblies (76ms)
			RebuildTransferFunctionScriptingTraits (0ms)
			SetupTypeCache (219ms)
			ReleaseScriptCaches (1ms)
			RebuildScriptCaches (35ms)
			SetupLoadedEditorAssemblies (315ms)
				LogAssemblyErrors (0ms)
				InitializePlatformSupportModulesInManaged (4ms)
				SetLoadedEditorAssemblies (0ms)
				RefreshPlugins (0ms)
				BeforeProcessingInitializeOnLoad (79ms)
				ProcessInitializeOnLoadAttributes (219ms)
				ProcessInitializeOnLoadMethodAttributes (6ms)
				AfterProcessingInitializeOnLoad (6ms)
				EditorAssembliesLoaded (0ms)
			ExecutionOrderSort2 (0ms)
			AwakeInstancesAfterBackupRestoration (5ms)
Platform modules already initialized, skipping
Refreshing native plugins compatible for Editor in 0.38 ms, found 2 plugins.
Preloading 0 native plugins for Editor in 0.00 ms.
Unloading 1514 Unused Serialized files (Serialized files now loaded: 0)
System memory in use before: 71.5 MB.
System memory in use after: 71.6 MB.

Unloading 15 unused Assets to reduce memory usage. Loaded Objects now: 1978.
Total: 1.810900 ms (FindLiveObjects: 0.158600 ms CreateObjectMapping: 0.035400 ms MarkObjects: 1.597200 ms  DeleteObjects: 0.019000 ms)

AssetImportParameters requested are different than current active one (requested -> active):
  custom:framework-win-MediaFoundation: 216162199b28c13a410421893ffa2e32 -> 
  custom:video-decoder-ogg-theora: a1e56fd34408186e4bbccfd4996cb3dc -> 
  custom:container-muxer-webm: aa71ff27fc2769a1b78a27578f13a17b -> 
  custom:container-demuxer-webm: 4f35f7cbe854078d1ac9338744f61a02 -> 
  custom:container-demuxer-ogg: 62fdf1f143b41e24485cea50d1cbac27 -> 
  custom:video-encoder-webm-vp8: eb34c28f22e8b96e1ab97ce403110664 -> 
  custom:video-decoder-webm-vp8: 9c59270c3fd7afecdb556c50c9e8de78 -> 
  custom:audio-decoder-ogg-vorbis: bf7c407c2cedff20999df2af8eb42d56 -> 
  custom:audio-encoder-webm-vorbis: bf7c407c2cedff20999df2af8eb42d56 -> 
========================================================================
Received Import Request.
  Time since last request: 1233.351837 seconds.
  path: Assets/Scenes/TitleScreen.unity
  artifactKey: Guid(b37b3ee2c5505f248b6561704ee17ed0) Importer(815301076,1909f56bfc062723c751e8b465ee728b)
Start importing Assets/Scenes/TitleScreen.unity using Guid(b37b3ee2c5505f248b6561704ee17ed0) Importer(815301076,1909f56bfc062723c751e8b465ee728b)  -> (artifact id: 'ac1a51eab5be0403b10e917f3d339b11') in 0.014809 seconds 
  Import took 0.017651 seconds .

========================================================================
Received Prepare
Registering precompiled user dll's ...
Registered in 0.003843 seconds.
Begin MonoManager ReloadAssembly
Native extension for WindowsStandalone target not found
Refreshing native plugins compatible for Editor in 0.38 ms, found 2 plugins.
Preloading 0 native plugins for Editor in 0.00 ms.
Mono: successfully reloaded assembly
- Completed reload, in  0.855 seconds
Domain Reload Profiling:
	ReloadAssembly (855ms)
		BeginReloadAssembly (91ms)
			ExecutionOrderSort (0ms)
			DisableScriptedObjects (5ms)
			BackupInstance (0ms)
			ReleaseScriptingObjects (0ms)
			CreateAndSetChildDomain (26ms)
		EndReloadAssembly (710ms)
			LoadAssemblies (67ms)
			RebuildTransferFunctionScriptingTraits (0ms)
			SetupTypeCache (214ms)
			ReleaseScriptCaches (1ms)
			RebuildScriptCaches (37ms)
			SetupLoadedEditorAssemblies (310ms)
				LogAssemblyErrors (0ms)
				InitializePlatformSupportModulesInManaged (4ms)
				SetLoadedEditorAssemblies (0ms)
				RefreshPlugins (0ms)
				BeforeProcessingInitializeOnLoad (70ms)
				ProcessInitializeOnLoadAttributes (223ms)
				ProcessInitializeOnLoadMethodAttributes (6ms)
				AfterProcessingInitializeOnLoad (6ms)
				EditorAssembliesLoaded (0ms)
			ExecutionOrderSort2 (0ms)
			AwakeInstancesAfterBackupRestoration (5ms)
Platform modules already initialized, skipping
Refreshing native plugins compatible for Editor in 0.38 ms, found 2 plugins.
Preloading 0 native plugins for Editor in 0.00 ms.
Unloading 1514 Unused Serialized files (Serialized files now loaded: 0)
System memory in use before: 71.5 MB.
System memory in use after: 71.6 MB.

Unloading 15 unused Assets to reduce memory usage. Loaded Objects now: 1981.
Total: 1.889800 ms (FindLiveObjects: 0.153800 ms CreateObjectMapping: 0.036900 ms MarkObjects: 1.685400 ms  DeleteObjects: 0.012800 ms)

AssetImportParameters requested are different than current active one (requested -> active):
  custom:framework-win-MediaFoundation: 216162199b28c13a410421893ffa2e32 -> 
  custom:video-decoder-ogg-theora: a1e56fd34408186e4bbccfd4996cb3dc -> 
  custom:container-muxer-webm: aa71ff27fc2769a1b78a27578f13a17b -> 
  custom:container-demuxer-webm: 4f35f7cbe854078d1ac9338744f61a02 -> 
  custom:container-demuxer-ogg: 62fdf1f143b41e24485cea50d1cbac27 -> 
  custom:video-encoder-webm-vp8: eb34c28f22e8b96e1ab97ce403110664 -> 
  custom:video-decoder-webm-vp8: 9c59270c3fd7afecdb556c50c9e8de78 -> 
  custom:audio-decoder-ogg-vorbis: bf7c407c2cedff20999df2af8eb42d56 -> 
  custom:audio-encoder-webm-vorbis: bf7c407c2cedff20999df2af8eb42d56 -> 
========================================================================
Received Import Request.
  Time since last request: 117.131567 seconds.
  path: Assets/UI/DashUI.png
  artifactKey: Guid(b29497ed753e5cd479eff3042f24a926) Importer(815301076,1909f56bfc062723c751e8b465ee728b)
Start importing Assets/UI/DashUI.png using Guid(b29497ed753e5cd479eff3042f24a926) Importer(815301076,1909f56bfc062723c751e8b465ee728b)  -> (artifact id: 'bf879931676d28330ee23c9e1045dc1b') in 0.119793 seconds 
  Import took 0.122586 seconds .

========================================================================
Received Import Request.
  Time since last request: 0.000178 seconds.
  path: Assets/UI/GravityUpUI.png
  artifactKey: Guid(0d2b901880377fc4b9040c39ab6f7871) Importer(815301076,1909f56bfc062723c751e8b465ee728b)
Start importing Assets/UI/GravityUpUI.png using Guid(0d2b901880377fc4b9040c39ab6f7871) Importer(815301076,1909f56bfc062723c751e8b465ee728b)  -> (artifact id: '436be3764d26a250bd7838cad7228eda') in 0.023822 seconds 
  Import took 0.026408 seconds .

========================================================================
Received Import Request.
  Time since last request: 0.000240 seconds.
  path: Assets/UI/DirectionUI.png
  artifactKey: Guid(7eaef6db9cc903745b496d38baaf5b69) Importer(815301076,1909f56bfc062723c751e8b465ee728b)
Start importing Assets/UI/DirectionUI.png using Guid(7eaef6db9cc903745b496d38baaf5b69) Importer(815301076,1909f56bfc062723c751e8b465ee728b)  -> (artifact id: 'bb80204f1b333be920082f7ea3fd78be') in 0.024170 seconds 
  Import took 0.027031 seconds .

========================================================================
Received Import Request.
  Time since last request: 0.000190 seconds.
  path: Assets/UI/Inventory.png
  artifactKey: Guid(4f338c0207bbcbd46afb65685e8003b8) Importer(815301076,1909f56bfc062723c751e8b465ee728b)
Start importing Assets/UI/Inventory.png using Guid(4f338c0207bbcbd46afb65685e8003b8) Importer(815301076,1909f56bfc062723c751e8b465ee728b)  -> (artifact id: '391343afdef299e1a71456e9f042e2b4') in 0.015316 seconds 
  Import took 0.018016 seconds .

========================================================================
Received Import Request.
  Time since last request: 0.000275 seconds.
  path: Assets/UI/GravityDownUI.png
  artifactKey: Guid(63f61128aae2833439f4ec4bf1538ff1) Importer(815301076,1909f56bfc062723c751e8b465ee728b)
Start importing Assets/UI/GravityDownUI.png using Guid(63f61128aae2833439f4ec4bf1538ff1) Importer(815301076,1909f56bfc062723c751e8b465ee728b)  -> (artifact id: 'ea024a655ca6f177543a2b7041227814') in 0.018808 seconds 
  Import took 0.021254 seconds .

========================================================================
Received Import Request.
  Time since last request: 0.000215 seconds.
  path: Assets/UI/JumpUI.png
  artifactKey: Guid(2408cb415e20a8640b5e12c6f8c9871d) Importer(815301076,1909f56bfc062723c751e8b465ee728b)
Start importing Assets/UI/JumpUI.png using Guid(2408cb415e20a8640b5e12c6f8c9871d) Importer(815301076,1909f56bfc062723c751e8b465ee728b)  -> (artifact id: 'c3591f06741566bafd3cca821c23279d') in 0.020278 seconds 
  Import took 0.022975 seconds .

========================================================================
Received Import Request.
  Time since last request: 0.000210 seconds.
  path: Assets/UI/TitleImage.JPG
  artifactKey: Guid(a3966ea0d4e99644f843b903d6f84aa2) Importer(815301076,1909f56bfc062723c751e8b465ee728b)
Start importing Assets/UI/TitleImage.JPG using Guid(a3966ea0d4e99644f843b903d6f84aa2) Importer(815301076,1909f56bfc062723c751e8b465ee728b)  -> (artifact id: '4c849a24478c4b5f047052505af9d5f7') in 0.032750 seconds 
  Import took 0.035598 seconds .

========================================================================
Received Import Request.
  Time since last request: 0.000155 seconds.
  path: Assets/UI/InventorySlots.png
  artifactKey: Guid(e87d9821cfda72d4e853e125ec66551a) Importer(815301076,1909f56bfc062723c751e8b465ee728b)
Start importing Assets/UI/InventorySlots.png using Guid(e87d9821cfda72d4e853e125ec66551a) Importer(815301076,1909f56bfc062723c751e8b465ee728b)  -> (artifact id: 'cd6fac101c8d599bca7da64b05a40e9c') in 0.017461 seconds 
  Import took 0.019867 seconds .

========================================================================
Received Import Request.
  Time since last request: 0.000168 seconds.
  path: Assets/UI/PauseButton.png
  artifactKey: Guid(a366a34840c54304eb8283291363144d) Importer(815301076,1909f56bfc062723c751e8b465ee728b)
Start importing Assets/UI/PauseButton.png using Guid(a366a34840c54304eb8283291363144d) Importer(815301076,1909f56bfc062723c751e8b465ee728b)  -> (artifact id: 'bbe0ea09317c7b0869fc2a0b24e59927') in 0.018157 seconds 
  Import took 0.020802 seconds .

========================================================================
Received Import Request.
  Time since last request: 0.000177 seconds.
  path: Assets/UI/SizeUI.png
  artifactKey: Guid(44f21523d15c3c241bdf8ac197718ab2) Importer(815301076,1909f56bfc062723c751e8b465ee728b)
Start importing Assets/UI/SizeUI.png using Guid(44f21523d15c3c241bdf8ac197718ab2) Importer(815301076,1909f56bfc062723c751e8b465ee728b)  -> (artifact id: '76cfade414526c02731bb3c831af9549') in 0.023381 seconds 
  Import took 0.026051 seconds .

========================================================================
Received Import Request.
  Time since last request: 0.000130 seconds.
  path: Assets/UI/PlayButton.png
  artifactKey: Guid(0610548ebfb932f45a335b3aac1c6b68) Importer(815301076,1909f56bfc062723c751e8b465ee728b)
Start importing Assets/UI/PlayButton.png using Guid(0610548ebfb932f45a335b3aac1c6b68) Importer(815301076,1909f56bfc062723c751e8b465ee728b)  -> (artifact id: '5cbde7ae07cebe9e4811ca557f6bb93b') in 0.017828 seconds 
  Import took 0.020192 seconds .

========================================================================
Received Import Request.
  Time since last request: 0.000167 seconds.
  path: Assets/UI/SpeedUI.png
  artifactKey: Guid(0de33ce1437e9ad439e72dc628e2020d) Importer(815301076,1909f56bfc062723c751e8b465ee728b)
Start importing Assets/UI/SpeedUI.png using Guid(0de33ce1437e9ad439e72dc628e2020d) Importer(815301076,1909f56bfc062723c751e8b465ee728b)  -> (artifact id: 'e0202bb38f83f573d3dcc158ad697ac4') in 0.018699 seconds 
  Import took 0.021198 seconds .

========================================================================
Received Import Request.
  Time since last request: 0.000199 seconds.
  path: Assets/UI/SlowUI.png
  artifactKey: Guid(8a11c141dd69cee418b8155d31abef60) Importer(815301076,1909f56bfc062723c751e8b465ee728b)
Start importing Assets/UI/SlowUI.png using Guid(8a11c141dd69cee418b8155d31abef60) Importer(815301076,1909f56bfc062723c751e8b465ee728b)  -> (artifact id: '8bcaa7ccb63bce843f21a649df0563e1') in 0.019051 seconds 
  Import took 0.021730 seconds .

========================================================================
Received Import Request.
  Time since last request: 19.367410 seconds.
  path: Assets/UI/FinishPanel.png
  artifactKey: Guid(e826de6aee8d5814f8159ff32b97be44) Importer(815301076,1909f56bfc062723c751e8b465ee728b)
Start importing Assets/UI/FinishPanel.png using Guid(e826de6aee8d5814f8159ff32b97be44) Importer(815301076,1909f56bfc062723c751e8b465ee728b)  -> (artifact id: '2f0e260cc5aa27de2deec99d968eeb83') in 0.014319 seconds 
  Import took 0.018191 seconds .

========================================================================
Received Import Request.
  Time since last request: 175.142534 seconds.
  path: Assets/Fonts/BLKCHCRY SDF.asset
  artifactKey: Guid(d7037535039288d4d891c757d50a9dfd) Importer(815301076,1909f56bfc062723c751e8b465ee728b)
Start importing Assets/Fonts/BLKCHCRY SDF.asset using Guid(d7037535039288d4d891c757d50a9dfd) Importer(815301076,1909f56bfc062723c751e8b465ee728b)  -> (artifact id: 'acb1c97afbaa207ccdd53e2103e70fce') in 0.059319 seconds 
  Import took 0.062208 seconds .

========================================================================
Received Import Request.
  Time since last request: 0.002990 seconds.
  path: Assets/Fonts/BLKCHCRY SDF.asset
  artifactKey: Guid(d7037535039288d4d891c757d50a9dfd) Importer(815301076,1909f56bfc062723c751e8b465ee728b)
Start importing Assets/Fonts/BLKCHCRY SDF.asset using Guid(d7037535039288d4d891c757d50a9dfd) Importer(815301076,1909f56bfc062723c751e8b465ee728b)  -> (artifact id: 'acb1c97afbaa207ccdd53e2103e70fce') in 0.018122 seconds 
  Import took 0.021319 seconds .

========================================================================
Received Import Request.
  Time since last request: 1144.489763 seconds.
  path: Assets/UI/FinishPanel2.png
  artifactKey: Guid(5166e235a06a697478f2a11647aac1eb) Importer(815301076,1909f56bfc062723c751e8b465ee728b)
Start importing Assets/UI/FinishPanel2.png using Guid(5166e235a06a697478f2a11647aac1eb) Importer(815301076,1909f56bfc062723c751e8b465ee728b)  -> (artifact id: '4db328baf6cdfd01c4fcb11569b18e30') in 0.013791 seconds 
  Import took 0.016810 seconds .

========================================================================
Received Import Request.
  Time since last request: 342.842997 seconds.
  path: Assets/UI/InventorySlot.png
  artifactKey: Guid(477c672a5dd52624ab5373ea07b612f2) Importer(815301076,1909f56bfc062723c751e8b465ee728b)
Start importing Assets/UI/InventorySlot.png using Guid(477c672a5dd52624ab5373ea07b612f2) Importer(815301076,1909f56bfc062723c751e8b465ee728b)  -> (artifact id: '28245fc5abca7ab234e60dad9491a9c2') in 0.012418 seconds 
  Import took 0.015391 seconds .

========================================================================
Received Prepare
Registering precompiled user dll's ...
Registered in 0.005532 seconds.
Begin MonoManager ReloadAssembly
Native extension for WindowsStandalone target not found
Refreshing native plugins compatible for Editor in 0.48 ms, found 2 plugins.
Preloading 0 native plugins for Editor in 0.00 ms.
Mono: successfully reloaded assembly
- Completed reload, in  0.999 seconds
Domain Reload Profiling:
	ReloadAssembly (1000ms)
		BeginReloadAssembly (161ms)
			ExecutionOrderSort (0ms)
			DisableScriptedObjects (11ms)
			BackupInstance (0ms)
			ReleaseScriptingObjects (0ms)
			CreateAndSetChildDomain (59ms)
		EndReloadAssembly (781ms)
			LoadAssemblies (81ms)
			RebuildTransferFunctionScriptingTraits (0ms)
			SetupTypeCache (244ms)
			ReleaseScriptCaches (1ms)
			RebuildScriptCaches (37ms)
			SetupLoadedEditorAssemblies (316ms)
				LogAssemblyErrors (0ms)
				InitializePlatformSupportModulesInManaged (4ms)
				SetLoadedEditorAssemblies (0ms)
				RefreshPlugins (1ms)
				BeforeProcessingInitializeOnLoad (84ms)
				ProcessInitializeOnLoadAttributes (216ms)
				ProcessInitializeOnLoadMethodAttributes (5ms)
				AfterProcessingInitializeOnLoad (5ms)
				EditorAssembliesLoaded (0ms)
			ExecutionOrderSort2 (0ms)
			AwakeInstancesAfterBackupRestoration (5ms)
Platform modules already initialized, skipping
Switching build target platform(19) subTarget(0) extendedPlatform(0) -> platform(13) subTarget(537395200) extendedPlatform(0)
Refreshing native plugins compatible for Editor in 0.41 ms, found 2 plugins.
Preloading 0 native plugins for Editor in 0.00 ms.
Unloading 1518 Unused Serialized files (Serialized files now loaded: 0)
System memory in use before: 74.6 MB.
System memory in use after: 74.7 MB.

Unloading 15 unused Assets to reduce memory usage. Loaded Objects now: 2048.
Total: 2.271400 ms (FindLiveObjects: 0.206000 ms CreateObjectMapping: 0.037700 ms MarkObjects: 2.000900 ms  DeleteObjects: 0.025600 ms)

AssetImportParameters requested are different than current active one (requested -> active):
  custom:framework-win-MediaFoundation: 216162199b28c13a410421893ffa2e32 -> 
  custom:video-decoder-ogg-theora: a1e56fd34408186e4bbccfd4996cb3dc -> 
  custom:container-muxer-webm: aa71ff27fc2769a1b78a27578f13a17b -> 
  custom:container-demuxer-webm: 4f35f7cbe854078d1ac9338744f61a02 -> 
  custom:container-demuxer-ogg: 62fdf1f143b41e24485cea50d1cbac27 -> 
  custom:video-encoder-webm-vp8: eb34c28f22e8b96e1ab97ce403110664 -> 
  custom:video-decoder-webm-vp8: 9c59270c3fd7afecdb556c50c9e8de78 -> 
  custom:graphics/normal-map-encoding: 01000000000000000000000000000000 -> 02000000000000000000000000000000
  custom:audio-decoder-ogg-vorbis: bf7c407c2cedff20999df2af8eb42d56 -> 
  custom:audio-encoder-webm-vorbis: bf7c407c2cedff20999df2af8eb42d56 -> 
========================================================================
Received Prepare
Refreshing native plugins compatible for Editor in 3.04 ms, found 2 plugins.
Preloading 0 native plugins for Editor in 0.00 ms.
Unloading 14 Unused Serialized files (Serialized files now loaded: 0)
System memory in use before: 44.8 MB.
System memory in use after: 44.9 MB.

Unloading 13 unused Assets to reduce memory usage. Loaded Objects now: 2048.
Total: 1.950800 ms (FindLiveObjects: 0.160500 ms CreateObjectMapping: 0.031900 ms MarkObjects: 1.740100 ms  DeleteObjects: 0.017700 ms)

AssetImportParameters requested are different than current active one (requested -> active):
  custom:framework-win-MediaFoundation: 216162199b28c13a410421893ffa2e32 -> 
  custom:video-decoder-ogg-theora: a1e56fd34408186e4bbccfd4996cb3dc -> 
  custom:container-muxer-webm: aa71ff27fc2769a1b78a27578f13a17b -> 
  custom:container-demuxer-webm: 4f35f7cbe854078d1ac9338744f61a02 -> 
  custom:container-demuxer-ogg: 62fdf1f143b41e24485cea50d1cbac27 -> 
  custom:video-encoder-webm-vp8: eb34c28f22e8b96e1ab97ce403110664 -> 
  custom:video-decoder-webm-vp8: 9c59270c3fd7afecdb556c50c9e8de78 -> 
  custom:audio-decoder-ogg-vorbis: bf7c407c2cedff20999df2af8eb42d56 -> 
  custom:audio-encoder-webm-vorbis: bf7c407c2cedff20999df2af8eb42d56 -> 
========================================================================
Received Import Request.
  Time since last request: 1288.186374 seconds.
  path: Assets/UI/DashUI.png
  artifactKey: Guid(b29497ed753e5cd479eff3042f24a926) Importer(815301076,1909f56bfc062723c751e8b465ee728b)
Start importing Assets/UI/DashUI.png using Guid(b29497ed753e5cd479eff3042f24a926) Importer(815301076,1909f56bfc062723c751e8b465ee728b)  -> (artifact id: '876249e643c941858db2df612f39db0c') in 0.046366 seconds 
  Import took 0.049076 seconds .

========================================================================
Received Import Request.
  Time since last request: 0.000160 seconds.
  path: Assets/UI/GravityUpUI.png
  artifactKey: Guid(0d2b901880377fc4b9040c39ab6f7871) Importer(815301076,1909f56bfc062723c751e8b465ee728b)
Start importing Assets/UI/GravityUpUI.png using Guid(0d2b901880377fc4b9040c39ab6f7871) Importer(815301076,1909f56bfc062723c751e8b465ee728b)  -> (artifact id: '211cdee03227ccfc779878c46ffad961') in 0.013003 seconds 
  Import took 0.015440 seconds .

========================================================================
Received Import Request.
  Time since last request: 0.000207 seconds.
  path: Assets/UI/DirectionUI.png
  artifactKey: Guid(7eaef6db9cc903745b496d38baaf5b69) Importer(815301076,1909f56bfc062723c751e8b465ee728b)
Start importing Assets/UI/DirectionUI.png using Guid(7eaef6db9cc903745b496d38baaf5b69) Importer(815301076,1909f56bfc062723c751e8b465ee728b)  -> (artifact id: '15bd95a40de70a09fe8b4d6a04adabf1') in 0.011961 seconds 
  Import took 0.014169 seconds .

========================================================================
Received Import Request.
  Time since last request: 0.000163 seconds.
  path: Assets/UI/Inventory.png
  artifactKey: Guid(4f338c0207bbcbd46afb65685e8003b8) Importer(815301076,1909f56bfc062723c751e8b465ee728b)
Start importing Assets/UI/Inventory.png using Guid(4f338c0207bbcbd46afb65685e8003b8) Importer(815301076,1909f56bfc062723c751e8b465ee728b)  -> (artifact id: '0e2455cbb5a66d46460a029e7595fd5f') in 0.009738 seconds 
  Import took 0.011834 seconds .

========================================================================
Received Import Request.
  Time since last request: 0.000145 seconds.
  path: Assets/UI/GravityDownUI.png
  artifactKey: Guid(63f61128aae2833439f4ec4bf1538ff1) Importer(815301076,1909f56bfc062723c751e8b465ee728b)
Start importing Assets/UI/GravityDownUI.png using Guid(63f61128aae2833439f4ec4bf1538ff1) Importer(815301076,1909f56bfc062723c751e8b465ee728b)  -> (artifact id: '6a8189d190a297fc4dbb64c097708905') in 0.011133 seconds 
  Import took 0.013388 seconds .

========================================================================
Received Import Request.
  Time since last request: 0.000239 seconds.
  path: Assets/UI/JumpUI.png
  artifactKey: Guid(2408cb415e20a8640b5e12c6f8c9871d) Importer(815301076,1909f56bfc062723c751e8b465ee728b)
Start importing Assets/UI/JumpUI.png using Guid(2408cb415e20a8640b5e12c6f8c9871d) Importer(815301076,1909f56bfc062723c751e8b465ee728b)  -> (artifact id: 'eb40e413034ce996658108e35c76b0b7') in 0.012116 seconds 
  Import took 0.014622 seconds .

========================================================================
Received Import Request.
  Time since last request: 0.000194 seconds.
  path: Assets/UI/TitleImage.JPG
  artifactKey: Guid(a3966ea0d4e99644f843b903d6f84aa2) Importer(815301076,1909f56bfc062723c751e8b465ee728b)
Start importing Assets/UI/TitleImage.JPG using Guid(a3966ea0d4e99644f843b903d6f84aa2) Importer(815301076,1909f56bfc062723c751e8b465ee728b)  -> (artifact id: '6fac2dfd6e250b8f6909d83afbec15c5') in 0.022757 seconds 
  Import took 0.025343 seconds .

========================================================================
Received Import Request.
  Time since last request: 0.000155 seconds.
  path: Assets/UI/DashUI.png
  artifactKey: Guid(b29497ed753e5cd479eff3042f24a926) Importer(815301076,1909f56bfc062723c751e8b465ee728b)
Start importing Assets/UI/DashUI.png using Guid(b29497ed753e5cd479eff3042f24a926) Importer(815301076,1909f56bfc062723c751e8b465ee728b)  -> (artifact id: '876249e643c941858db2df612f39db0c') in 0.012925 seconds 
  Import took 0.015117 seconds .

========================================================================
Received Import Request.
  Time since last request: 0.000155 seconds.
  path: Assets/UI/InventorySlots.png
  artifactKey: Guid(e87d9821cfda72d4e853e125ec66551a) Importer(815301076,1909f56bfc062723c751e8b465ee728b)
Start importing Assets/UI/InventorySlots.png using Guid(e87d9821cfda72d4e853e125ec66551a) Importer(815301076,1909f56bfc062723c751e8b465ee728b)  -> (artifact id: 'b3e9a243372829549a5b4282e76f167f') in 0.011479 seconds 
  Import took 0.013803 seconds .

========================================================================
Received Import Request.
  Time since last request: 0.000209 seconds.
  path: Assets/UI/PauseButton.png
  artifactKey: Guid(a366a34840c54304eb8283291363144d) Importer(815301076,1909f56bfc062723c751e8b465ee728b)
Start importing Assets/UI/PauseButton.png using Guid(a366a34840c54304eb8283291363144d) Importer(815301076,1909f56bfc062723c751e8b465ee728b)  -> (artifact id: 'e84f646c2d71b4a7c640038049fa2d51') in 0.014243 seconds 
  Import took 0.016549 seconds .

========================================================================
Received Import Request.
  Time since last request: 0.000201 seconds.
  path: Assets/UI/SizeUI.png
  artifactKey: Guid(44f21523d15c3c241bdf8ac197718ab2) Importer(815301076,1909f56bfc062723c751e8b465ee728b)
Start importing Assets/UI/SizeUI.png using Guid(44f21523d15c3c241bdf8ac197718ab2) Importer(815301076,1909f56bfc062723c751e8b465ee728b)  -> (artifact id: '5400e1c628d9b5b2e27cb9aae5690a5f') in 0.018106 seconds 
  Import took 0.020258 seconds .

========================================================================
Received Import Request.
  Time since last request: 0.000144 seconds.
  path: Assets/UI/PlayButton.png
  artifactKey: Guid(0610548ebfb932f45a335b3aac1c6b68) Importer(815301076,1909f56bfc062723c751e8b465ee728b)
Start importing Assets/UI/PlayButton.png using Guid(0610548ebfb932f45a335b3aac1c6b68) Importer(815301076,1909f56bfc062723c751e8b465ee728b)  -> (artifact id: '48caa1cecfe0bc0e7a808de89d1de00b') in 0.014926 seconds 
  Import took 0.017080 seconds .

========================================================================
Received Import Request.
  Time since last request: 0.000165 seconds.
  path: Assets/UI/SpeedUI.png
  artifactKey: Guid(0de33ce1437e9ad439e72dc628e2020d) Importer(815301076,1909f56bfc062723c751e8b465ee728b)
Start importing Assets/UI/SpeedUI.png using Guid(0de33ce1437e9ad439e72dc628e2020d) Importer(815301076,1909f56bfc062723c751e8b465ee728b)  -> (artifact id: 'f566b43de2796ab8660f78094fa3c48e') in 0.012492 seconds 
  Import took 0.014829 seconds .

========================================================================
Received Import Request.
  Time since last request: 0.000167 seconds.
  path: Assets/UI/SlowUI.png
  artifactKey: Guid(8a11c141dd69cee418b8155d31abef60) Importer(815301076,1909f56bfc062723c751e8b465ee728b)
Start importing Assets/UI/SlowUI.png using Guid(8a11c141dd69cee418b8155d31abef60) Importer(815301076,1909f56bfc062723c751e8b465ee728b)  -> (artifact id: 'fe58a02ed891902cba13ec216c614263') in 0.016765 seconds 
  Import took 0.021809 seconds .

========================================================================
Received Import Request.
  Time since last request: 0.000289 seconds.
  path: Assets/UI/FinishPanel2.png
  artifactKey: Guid(5166e235a06a697478f2a11647aac1eb) Importer(815301076,1909f56bfc062723c751e8b465ee728b)
Start importing Assets/UI/FinishPanel2.png using Guid(5166e235a06a697478f2a11647aac1eb) Importer(815301076,1909f56bfc062723c751e8b465ee728b)  -> (artifact id: '892aa61c8e92e3d384330b5358393ea1') in 0.068321 seconds 
  Import took 0.071672 seconds .

